Warning: your license expires in 13 days!
Ansys Lumerical 2024 R1 FDTD Solver Version 8.31.3633 (Linux 64bit)
 expires (month/day/year): 12/18/2025
using config file: Ansys Licensing set with ANSYSLMD_LICENSE_FILE
license host: 1055@license.cnsi.ucsb.edu
current time: Fri Dec 5 14:04:53 2025
Running on host: quadrupole-Precision-Tower-5810
host available memory (GB): 18.083762
All processes are communicating and ready to proceed to simulation...
Running fsp file: /opt/lumerical/v241/bin/fdtd-engine -t 1 -remote -shared-solve-license QU5TWVNfTElDRU5TSU5HX0NPTlRFWFRfREFUQT08QU5TWVNfTElDRU5TSU5HX0NPTlRFWFRfREFUQT48SUQ+Yjg3MDIwZGUtMDM0YS00ZWVkLTk2ZTItNzc2NjdlNzk5ZTM4PC9JRD48VFlQRT5BUFBfREVGSU5FRDwvVFlQRT48TkFNRT5sdW1fc3RhbmRhcmRfc29sdmVfc2hhcmU8L05BTUU+PEhBTkRMRVI+NTEzNjFAcXVhZHJ1cG9sZS1QcmVjaXNpb24tVG93ZXItNTgxMDwvSEFORExFUj48L0FOU1lTX0xJQ0VOU0lOR19DT05URVhUX0RBVEE+Cg== /home/quadrupole/Dropbox/research/computation/S4/directional-LEDs/2-d/ribbbons/sp-basis/SHG-sim.fsp
number of processors is 1
processors are distributed as: 1x1x1
Running 2D Simulation
Starting meshing
Simulation size in gridpoints: 74 x 157 x 1
Refined 0 mesh cells (0%)
Completed meshing!
Meshing complete in 0.006776 seconds of CPU time
0 0
Starting meshing
Simulation size in gridpoints: 74 x 157 x 1
Refined 0 mesh cells (0%)
Completed meshing!
Meshing complete in 0.004509 seconds of CPU time
0 0
finished material properties
Selected kernel with optimization level: 2 and split-field propagation direction: 0
Starting meshing
Simulation size in gridpoints: 74 x 157 x 1
Refined 0 mesh cells (0%)
Completed meshing!
Meshing complete in 0.004475 seconds of CPU time
0 0
Selected kernel with optimization level: 2 and split-field propagation direction: 0
-----------------------------------------
Beginning initialization of 2D FDTD Simulation
  Including TM Simulation
Starting to add sources to simulation

Adding Mode source propagating in Y
Starting to add boundary conditions to simulation
Adding periodic BC
Adding periodic BC
Adding PML BC
Adding PML BC
Starting to add monitors to Simulation
Adding analysis monitor
Adding frequency monitor
Finished initialization of 2D Simulation
-----------------------------------------
All processes are communicating and ready to proceed to simulation...
Starting 19301 total iterations
0.248692% complete. Elapsed simulation time: 2.48692e-15 secs. Max time remaining: 2 secs. Auto Shutoff: 1
2.56982% complete. Elapsed simulation time: 2.56982e-14 secs. Max time remaining: 2 secs. Auto Shutoff: 1
5.22253% complete. Elapsed simulation time: 5.22253e-14 secs. Max time remaining: 2 secs. Auto Shutoff: 1
10.528% complete. Elapsed simulation time: 1.0528e-13 secs. Max time remaining: 2 secs. Auto Shutoff: 1
21.1388% complete. Elapsed simulation time: 2.11388e-13 secs. Max time remaining: 2 secs. Auto Shutoff: 1
42.3606% complete. Elapsed simulation time: 4.23606e-13 secs. Max time remaining: 1 secs. Auto Shutoff: 1
61.2093% complete. Elapsed simulation time: 6.12093e-13 secs. Max time remaining: 1 secs. Auto Shutoff: 2.01506e-06
100% complete. Max time remaining: 0 mins, 0 secs. Auto Shutoff: 2.01506e-06
Early termination of simulation, the autoshutoff criteria are satisfied.
Completed 11814 iterations, or 6.120935e-13s of Simulation Time
Process 0 starting to collect data
    collecting TM monitor data
    collecting TE monitor data
    collecting TM source data
    collecting TE source data
Finished collecting data
Simulation completed successfully at: Fri Dec 5 14:04:54 2025
Overall wall time measurements in seconds: 1.67242
    time to mesh and initialize: 0.028034
    time to run FDTD simulation: 1.05083
    time to checkpoint simulation: 0
    time to finalize data and save to files: 0.006366
    miscellaneous time: 0.58717
    FDTD solver speed on process 0: 130.616 Mnodes/s
    total FDTD solver speed on 1 processes: 130.616 Mnodes/s
